<?xml version="1.0" encoding="UTF-8"?>
<!-- Generated by org.testng.reporters.JUnitReportReporter -->
<testsuite hostname="BOOK-DA60ANED4E" failures="0" tests="3" name="com.tutorialsninja.tests.SearchProductPageTest" time="19.482" errors="0" timestamp="2023-12-29T10:59:54 CST" skipped="0">
  <testcase classname="com.tutorialsninja.tests.SearchProductPageTest" name="verifySearchWithValidProduct" time="5.938"/>
  <system-out/>
  <testcase classname="com.tutorialsninja.tests.SearchProductPageTest" name="verifySearchWithInvalidProduct" time="6.345"/>
  <system-out/>
  <testcase classname="com.tutorialsninja.tests.SearchProductPageTest" name="verifySearchWithNoProduct" time="7.199"/>
  <system-out/>
</testsuite> <!-- com.tutorialsninja.tests.SearchProductPageTest -->
