<?xml version="1.0" encoding="UTF-8"?>
<!-- Generated by org.testng.reporters.JUnitReportReporter -->
<testsuite hostname="BOOK-DA60ANED4E" failures="0" tests="15" name="com.tutorialsninja.tests.LoginPageTest" time="140.708" errors="0" timestamp="2023-12-28T19:13:03 CST" skipped="0">
  <testcase classname="com.tutorialsninja.tests.LoginPageTest" name="verifyLoginWithValidCredentials" time="9.003"/>
  <system-out/>
  <testcase classname="com.tutorialsninja.tests.LoginPageTest" name="verifyLoginWithValidCredentials" time="8.354"/>
  <system-out/>
  <testcase classname="com.tutorialsninja.tests.LoginPageTest" name="verifyLoginWithValidCredentials" time="9.509"/>
  <system-out/>
  <testcase classname="com.tutorialsninja.tests.LoginPageTest" name="verifyLoginWithValidCredentials" time="10.650"/>
  <system-out/>
  <testcase classname="com.tutorialsninja.tests.LoginPageTest" name="verifyLoginWithValidCredentials" time="8.593"/>
  <system-out/>
  <testcase classname="com.tutorialsninja.tests.LoginPageTest" name="verifyLoginWithValidCredentials" time="10.949"/>
  <system-out/>
  <testcase classname="com.tutorialsninja.tests.LoginPageTest" name="verifyLoginWithValidCredentials" time="7.683"/>
  <system-out/>
  <testcase classname="com.tutorialsninja.tests.LoginPageTest" name="verifyLoginWithValidCredentials" time="10.108"/>
  <system-out/>
  <testcase classname="com.tutorialsninja.tests.LoginPageTest" name="verifyLoginWithValidCredentials" time="9.519"/>
  <system-out/>
  <testcase classname="com.tutorialsninja.tests.LoginPageTest" name="verifyLoginWithValidCredentials" time="9.355"/>
  <system-out/>
  <testcase classname="com.tutorialsninja.tests.LoginPageTest" name="verifyLoginWithValidCredentials" time="8.814"/>
  <system-out/>
  <testcase classname="com.tutorialsninja.tests.LoginPageTest" name="VerifyLoginWithInvalidEmailValidPassword" time="10.422"/>
  <system-out/>
  <testcase classname="com.tutorialsninja.tests.LoginPageTest" name="VerifyLoginWithValidEmailValidInvalidPassword" time="10.978"/>
  <system-out/>
  <testcase classname="com.tutorialsninja.tests.LoginPageTest" name="VerifyLoginWithInValidCredentials" time="8.668"/>
  <system-out/>
  <testcase classname="com.tutorialsninja.tests.LoginPageTest" name="VerifyLoginWithNoCredentials" time="8.103"/>
  <system-out/>
</testsuite> <!-- com.tutorialsninja.tests.LoginPageTest -->
