<?xml version="1.0" encoding="UTF-8"?>
<!-- Generated by org.testng.reporters.JUnitReportReporter -->
<testsuite hostname="BOOK-DA60ANED4E" failures="0" tests="3" name="com.tutorialsninja.tests.SearchProductPageTest" time="24.151" errors="0" timestamp="2023-12-29T17:07:52 CST" skipped="0">
  <testcase classname="com.tutorialsninja.tests.SearchProductPageTest" name="verifySearchWithValidProduct" time="7.984"/>
  <testcase classname="com.tutorialsninja.tests.SearchProductPageTest" name="verifySearchWithInvalidProduct" time="8.060"/>
  <testcase classname="com.tutorialsninja.tests.SearchProductPageTest" name="verifySearchWithNoProduct" time="8.107"/>
</testsuite> <!-- com.tutorialsninja.tests.SearchProductPageTest -->
