<?xml version="1.0" encoding="UTF-8"?>
<!-- Generated by org.testng.reporters.JUnitReportReporter -->
<testsuite hostname="BOOK-DA60ANED4E" failures="0" tests="15" name="com.tutorialsninja.tests.LoginPageTest" time="143.875" errors="0" timestamp="2023-12-29T17:07:52 CST" skipped="0">
  <testcase classname="com.tutorialsninja.tests.LoginPageTest" name="verifyLoginWithValidCredentials" time="11.299"/>
  <testcase classname="com.tutorialsninja.tests.LoginPageTest" name="verifyLoginWithValidCredentials" time="9.559"/>
  <testcase classname="com.tutorialsninja.tests.LoginPageTest" name="verifyLoginWithValidCredentials" time="10.050"/>
  <testcase classname="com.tutorialsninja.tests.LoginPageTest" name="verifyLoginWithValidCredentials" time="8.969"/>
  <testcase classname="com.tutorialsninja.tests.LoginPageTest" name="verifyLoginWithValidCredentials" time="9.332"/>
  <testcase classname="com.tutorialsninja.tests.LoginPageTest" name="verifyLoginWithValidCredentials" time="10.387"/>
  <testcase classname="com.tutorialsninja.tests.LoginPageTest" name="verifyLoginWithValidCredentials" time="9.676"/>
  <testcase classname="com.tutorialsninja.tests.LoginPageTest" name="verifyLoginWithValidCredentials" time="9.430"/>
  <testcase classname="com.tutorialsninja.tests.LoginPageTest" name="verifyLoginWithValidCredentials" time="10.727"/>
  <testcase classname="com.tutorialsninja.tests.LoginPageTest" name="verifyLoginWithValidCredentials" time="9.402"/>
  <testcase classname="com.tutorialsninja.tests.LoginPageTest" name="verifyLoginWithValidCredentials" time="9.262"/>
  <testcase classname="com.tutorialsninja.tests.LoginPageTest" name="VerifyLoginWithInvalidEmailValidPassword" time="8.950"/>
  <testcase classname="com.tutorialsninja.tests.LoginPageTest" name="VerifyLoginWithValidEmailValidInvalidPassword" time="9.101"/>
  <testcase classname="com.tutorialsninja.tests.LoginPageTest" name="VerifyLoginWithInValidCredentials" time="8.958"/>
  <testcase classname="com.tutorialsninja.tests.LoginPageTest" name="VerifyLoginWithNoCredentials" time="8.773"/>
</testsuite> <!-- com.tutorialsninja.tests.LoginPageTest -->
